<?xml version="1.0" encoding="UTF-8"?>
<!-- Generated by org.testng.reporters.JUnitXMLReporter -->
<testsuite ignored="0" hostname="LTIN275640" failures="0" tests="8" name="ChromeTest" time="0.279" errors="0" timestamp="2024-02-09T12:33:46 IST">
  <testcase classname="testCase.TC001_upcomingBikes" name="getnewbikesaction" time="0.0">
    <skipped/>
  </testcase> <!-- getnewbikesaction -->
  <testcase classname="testCase.TC001_upcomingBikes" name="getmanufacture" time="0.0">
    <skipped/>
  </testcase> <!-- getmanufacture -->
  <testcase classname="testCase.TC001_upcomingBikes" name="getpriceamount" time="0.0">
    <skipped/>
  </testcase> <!-- getpriceamount -->
  <testcase classname="testCase.TC002_usedCars" name="gethomepage" time="0.0">
    <skipped/>
  </testcase> <!-- gethomepage -->
  <testcase classname="testCase.TC002_usedCars" name="getusedcars" time="0.0">
    <skipped/>
  </testcase> <!-- getusedcars -->
  <testcase classname="testCase.TC002_usedCars" name="getpopularmodules" time="0.001">
    <skipped/>
  </testcase> <!-- getpopularmodules -->
  <testcase classname="testCase.TC003_login" name="getloginOrSignup" time="0.0">
    <skipped/>
  </testcase> <!-- getloginOrSignup -->
  <testcase classname="testCase.TC003_login" name="getemailid" time="0.0">
    <skipped/>
  </testcase> <!-- getemailid -->
</testsuite> <!-- ChromeTest -->
