<?xml version="1.0" encoding="UTF-8"?>
<!-- Generated by org.testng.reporters.JUnitXMLReporter -->
<testsuite ignored="0" hostname="LTIN275640" failures="0" tests="8" name="Test" time="202.588" errors="0" timestamp="2024-02-13T11:51:21 IST">
  <testcase classname="testCase.TC001_upcomingBikes" name="getnewbikesaction" time="30.917"/>
  <testcase classname="testCase.TC001_upcomingBikes" name="getmanufacture" time="55.434"/>
  <testcase classname="testCase.TC001_upcomingBikes" name="getpriceamount" time="5.11"/>
  <testcase classname="testCase.TC002_usedCars" name="gethomepage" time="35.941"/>
  <testcase classname="testCase.TC002_usedCars" name="getusedcars" time="37.007"/>
  <testcase classname="testCase.TC002_usedCars" name="getpopularmodules" time="3.508"/>
  <testcase classname="testCase.TC003_login" name="getloginOrSignup" time="4.664"/>
  <testcase classname="testCase.TC003_login" name="getemailid" time="5.171"/>
</testsuite> <!-- Test -->
