<?xml version="1.0" encoding="UTF-8"?>
<testng-results ignored="0" total="8" passed="8" failed="0" skipped="0">
  <reporter-output>
  </reporter-output>
  <suite started-at="2024-02-13T11:47:57 IST" name="Suite" finished-at="2024-02-13T11:51:19 IST" duration-ms="202588">
    <groups>
    </groups>
    <test started-at="2024-02-13T11:47:57 IST" name="Test" finished-at="2024-02-13T11:51:19 IST" duration-ms="202588">
      <class name="testCase.TC003_login">
        <test-method is-config="true" signature="setup(java.lang.String,java.lang.String)[pri:0, instance:testCase.TC003_login@7f485fda]" started-at="2024-02-13T11:47:58 IST" name="setup" finished-at="2024-02-13T11:48:21 IST" duration-ms="23621" status="PASS">
          <params>
            <param index="0">
              <value>
                <![CDATA[windows]]>
              </value>
            </param>
            <param index="1">
              <value>
                <![CDATA[edge]]>
              </value>
            </param>
          </params>
          <reporter-output>
          </reporter-output>
        </test-method> <!-- setup -->
        <test-method signature="getnewbikesaction()[pri:1, instance:testCase.TC003_login@7f485fda]" started-at="2024-02-13T11:48:22 IST" name="getnewbikesaction" finished-at="2024-02-13T11:48:52 IST" duration-ms="30917" status="PASS">
          <reporter-output>
          </reporter-output>
        </test-method> <!-- getnewbikesaction -->
        <test-method signature="getmanufacture()[pri:2, instance:testCase.TC003_login@7f485fda]" started-at="2024-02-13T11:48:53 IST" name="getmanufacture" finished-at="2024-02-13T11:49:48 IST" duration-ms="55434" status="PASS">
          <reporter-output>
          </reporter-output>
        </test-method> <!-- getmanufacture -->
        <test-method signature="getpriceamount()[pri:3, instance:testCase.TC003_login@7f485fda]" started-at="2024-02-13T11:49:48 IST" name="getpriceamount" finished-at="2024-02-13T11:49:53 IST" duration-ms="5110" status="PASS">
          <reporter-output>
          </reporter-output>
        </test-method> <!-- getpriceamount -->
        <test-method signature="gethomepage()[pri:4, instance:testCase.TC003_login@7f485fda]" started-at="2024-02-13T11:49:53 IST" name="gethomepage" finished-at="2024-02-13T11:50:29 IST" duration-ms="35941" status="PASS">
          <reporter-output>
          </reporter-output>
        </test-method> <!-- gethomepage -->
        <test-method signature="getusedcars()[pri:5, instance:testCase.TC003_login@7f485fda]" started-at="2024-02-13T11:50:29 IST" name="getusedcars" finished-at="2024-02-13T11:51:06 IST" duration-ms="37007" status="PASS">
          <reporter-output>
          </reporter-output>
        </test-method> <!-- getusedcars -->
        <test-method signature="getpopularmodules()[pri:6, instance:testCase.TC003_login@7f485fda]" started-at="2024-02-13T11:51:06 IST" name="getpopularmodules" finished-at="2024-02-13T11:51:10 IST" duration-ms="3508" status="PASS">
          <reporter-output>
          </reporter-output>
        </test-method> <!-- getpopularmodules -->
        <test-method signature="getloginOrSignup()[pri:7, instance:testCase.TC003_login@7f485fda]" started-at="2024-02-13T11:51:10 IST" name="getloginOrSignup" finished-at="2024-02-13T11:51:14 IST" duration-ms="4664" status="PASS">
          <reporter-output>
          </reporter-output>
        </test-method> <!-- getloginOrSignup -->
        <test-method signature="getemailid()[pri:8, instance:testCase.TC003_login@7f485fda]" started-at="2024-02-13T11:51:14 IST" name="getemailid" finished-at="2024-02-13T11:51:19 IST" duration-ms="5171" status="PASS">
          <reporter-output>
          </reporter-output>
        </test-method> <!-- getemailid -->
      </class> <!-- testCase.TC003_login -->
    </test> <!-- Test -->
  </suite> <!-- Suite -->
</testng-results>
